info [Sun Feb 05 2023 18:30:03 GMT+0100 (West Africa Standard Time)]  receipt:  {
  to: '0xE16FF97DbDf6c6EcB062d1d299E179e3Af17f9b0',
  from: '0xB4E5dB2dd9830F7c7D0D304Cf60D7ac666669a32',
  contractAddress: null,
  transactionIndex: 2,
  gasUsed: BigNumber { _hex: '0x6e0e', _isBigNumber: true },
  logsBloom: '0x00000000000000000000000000000002000000000000000000000000000000000000000000010000000000000000000400000000000000000000000000000000000000000000000000000000000000000000000000000400000000000000000000000000000000000000000000000000000000010000000000000000000000000000000000000000000008000000000000000000000000000000000000000000000000000000000000000000000000000000000000000000000000000000000000000000000000000000000000000000000000000000000000000000000000000000000000000000000000000000000000000000000000000000000000000000',
  blockHash: '0xb16ee230b77532a4f464b7eff4b1fe49157c302e73b7755cb12459bfea16664b',
  transactionHash: '0x38e3740a1e4d0ac786494a69a3e1348a58ccd0297a218dfbad79c1a015ce51f0',
  logs: [
    {
      transactionIndex: 2,
      blockNumber: 8439831,
      transactionHash: '0x38e3740a1e4d0ac786494a69a3e1348a58ccd0297a218dfbad79c1a015ce51f0',
      address: '0xE16FF97DbDf6c6EcB062d1d299E179e3Af17f9b0',
      topics: [
        '0x62e78cea01bee320cd4e420270b5ea74000d11b0c9f74754ebdbfc544b05a258'
      ],
      data: '0x000000000000000000000000b4e5db2dd9830f7c7d0d304cf60d7ac666669a32',
      logIndex: 0,
      blockHash: '0xb16ee230b77532a4f464b7eff4b1fe49157c302e73b7755cb12459bfea16664b'
    }
  ],
  blockNumber: 8439831,
  confirmations: 1,
  cumulativeGasUsed: BigNumber { _hex: '0x01121e', _isBigNumber: true },
  effectiveGasPrice: BigNumber { _hex: '0xdf8475c5', _isBigNumber: true },
  status: 1,
  type: 2,
  byzantium: true,
  events: [
    {
      transactionIndex: 2,
      blockNumber: 8439831,
      transactionHash: '0x38e3740a1e4d0ac786494a69a3e1348a58ccd0297a218dfbad79c1a015ce51f0',
      address: '0xE16FF97DbDf6c6EcB062d1d299E179e3Af17f9b0',
      topics: [
        '0x62e78cea01bee320cd4e420270b5ea74000d11b0c9f74754ebdbfc544b05a258'
      ],
      data: '0x000000000000000000000000b4e5db2dd9830f7c7d0d304cf60d7ac666669a32',
      logIndex: 0,
      blockHash: '0xb16ee230b77532a4f464b7eff4b1fe49157c302e73b7755cb12459bfea16664b',
      args: [
        '0xB4E5dB2dd9830F7c7D0D304Cf60D7ac666669a32',
        account: '0xB4E5dB2dd9830F7c7D0D304Cf60D7ac666669a32'
      ],
      decode: [Function (anonymous)],
      event: 'Paused',
      eventSignature: 'Paused(address)',
      removeListener: [Function (anonymous)],
      getBlock: [Function (anonymous)],
      getTransaction: [Function (anonymous)],
      getTransactionReceipt: [Function (anonymous)]
    }
  ]
}
