info [Sun Feb 05 2023 15:48:28 GMT+0100 (West Africa Standard Time)]  blocked transaction:  {
  hash: '0x705760596927bcec67bc41e14e33a831a9ad06b010e0f5191737f254fbd6759e',
  type: 2,
  accessList: [],
  blockHash: '0x1e1c87b266c1f9e202077265b7f7bf54334413cd349113869d5c85eb69f5afc3',
  blockNumber: 8439176,
  transactionIndex: 4,
  confirmations: 1,
  from: '0xa0780f1403419ad992cA0420AAb81a4562e179dd',
  gasPrice: BigNumber { _hex: '0x9502f90c', _isBigNumber: true },
  maxPriorityFeePerGas: BigNumber { _hex: '0x9502f900', _isBigNumber: true },
  maxFeePerGas: BigNumber { _hex: '0x9502f916', _isBigNumber: true },
  gasLimit: BigNumber { _hex: '0x013dac', _isBigNumber: true },
  to: '0x3CC88804196fb3E0fBd8BfD3eed5f1e7Dc804556',
  value: BigNumber { _hex: '0x5af3107a4000', _isBigNumber: true },
  nonce: 607,
  data: '0x9e5faafc',
  r: '0x0597529a013d2eb4c4ef5bd812883313a19bcab8663d9a368e1aada2260b2bcd',
  s: '0x6f75d00cae936db27dde2dfb8b9ac8466e43ed7fafd5bd17f71190a9c92aa90b',
  v: 1,
  creates: null,
  chainId: 5,
  wait: [Function (anonymous)]
}

info [Sun Feb 05 2023 17:01:52 GMT+0100 (West Africa Standard Time)]  blocked transaction:  {
  hash: '0x9390c3968aaa6f46ffb9b529efd0fcb416ed7bccaf5b8eef115e225c459b98ff',
  type: 2,
  accessList: [],
  blockHash: '0xd0a05df872787311ae90057827aed067ecc9f21f40cfcfe2bd4905b16bd1ad66',
  blockNumber: 8439469,
  transactionIndex: 9,
  confirmations: 1,
  from: '0xa0780f1403419ad992cA0420AAb81a4562e179dd',
  gasPrice: BigNumber { _hex: '0x9502f908', _isBigNumber: true },
  maxPriorityFeePerGas: BigNumber { _hex: '0x9502f900', _isBigNumber: true },
  maxFeePerGas: BigNumber { _hex: '0x9502f912', _isBigNumber: true },
  gasLimit: BigNumber { _hex: '0x013ca2', _isBigNumber: true },
  to: '0xfabb9c106bc88B7b506F313C440B0A24f7825abb',
  value: BigNumber { _hex: '0x5af3107a4000', _isBigNumber: true },
  nonce: 609,
  data: '0x9e5faafc',
  r: '0xf736b9576f63d0b476cce80b44145f54260dcca058f386d2b78c807defa6e888',
  s: '0x5d7280cb0696def0d8c63efda12c892c96570ec763fb7e31c2d562e64ae6db78',
  v: 0,
  creates: null,
  chainId: 5,
  wait: [Function (anonymous)]
}
